<?xml version="1.0" encoding="UTF-8"?>
<testsuite name="lateInitializationExercise3.TestLateInitializationExercise3" tests="1" skipped="0" failures="0" errors="0" timestamp="2024-02-19T13:02:51" hostname="WIN-S4OQN606OU6" time="0.008">
  <properties/>
  <testcase name="testSolution" classname="lateInitializationExercise3.TestLateInitializationExercise3" time="0.008"/>
  <system-out><![CDATA[]]></system-out>
  <system-err><![CDATA[]]></system-err>
</testsuite>
